<?xml version="1.0" encoding="UTF-8"?>
<!-- Generated by org.testng.reporters.JUnitReportReporter -->
<testsuite skipped="0" hostname="DESKTOP-C0JQ1NC" name="TestPage.TestSearch" tests="1" failures="0" timestamp="01 ноя 2019 17:34:49 GMT" time="7.354" errors="0">
  <testcase name="setTest" time="7.354" classname="TestPage.TestSearch"/>
</testsuite> <!-- TestPage.TestSearch -->
